Using pre-set license
Built from '2022.3/release' branch; Version is '2022.3.12f1 (4fe6e059c7ef) revision 5236448'; Using compiler version '192829333'; Build Type 'Release'
OS: 'Windows 10  (10.0.19045) 64bit Professional' Language: 'en' Physical Memory: 16243 MB
BatchMode: 1, IsHumanControllingUs: 0, StartBugReporterOnCrash: 0, Is64bit: 1, IsPro: 1

COMMAND LINE ARGUMENTS:
D:\unity\2022.3.12f1\Editor\Unity.exe
-adb2
-batchMode
-noUpm
-name
AssetImportWorker0
-projectPath
C:/Users/k/Desktop/Proceduralne-generowanie-miasta
-logFile
Logs/AssetImportWorker0.log
-srvPort
49735
Successfully changed project path to: C:/Users/k/Desktop/Proceduralne-generowanie-miasta
C:/Users/k/Desktop/Proceduralne-generowanie-miasta
[UnityMemory] Configuration Parameters - Can be set up in boot.config
    "memorysetup-bucket-allocator-granularity=16"
    "memorysetup-bucket-allocator-bucket-count=8"
    "memorysetup-bucket-allocator-block-size=33554432"
    "memorysetup-bucket-allocator-block-count=8"
    "memorysetup-main-allocator-block-size=16777216"
    "memorysetup-thread-allocator-block-size=16777216"
    "memorysetup-gfx-main-allocator-block-size=16777216"
    "memorysetup-gfx-thread-allocator-block-size=16777216"
    "memorysetup-cache-allocator-block-size=4194304"
    "memorysetup-typetree-allocator-block-size=2097152"
    "memorysetup-profiler-bucket-allocator-granularity=16"
    "memorysetup-profiler-bucket-allocator-bucket-count=8"
    "memorysetup-profiler-bucket-allocator-block-size=33554432"
    "memorysetup-profiler-bucket-allocator-block-count=8"
    "memorysetup-profiler-allocator-block-size=16777216"
    "memorysetup-profiler-editor-allocator-block-size=1048576"
    "memorysetup-temp-allocator-size-main=16777216"
    "memorysetup-job-temp-allocator-block-size=2097152"
    "memorysetup-job-temp-allocator-block-size-background=1048576"
    "memorysetup-job-temp-allocator-reduction-small-platforms=262144"
    "memorysetup-allocator-temp-initial-block-size-main=262144"
    "memorysetup-allocator-temp-initial-block-size-worker=262144"
    "memorysetup-temp-allocator-size-background-worker=32768"
    "memorysetup-temp-allocator-size-job-worker=262144"
    "memorysetup-temp-allocator-size-preload-manager=33554432"
    "memorysetup-temp-allocator-size-nav-mesh-worker=65536"
    "memorysetup-temp-allocator-size-audio-worker=65536"
    "memorysetup-temp-allocator-size-cloud-worker=32768"
    "memorysetup-temp-allocator-size-gi-baking-worker=262144"
    "memorysetup-temp-allocator-size-gfx=262144"
Player connection [22372] Host "[IP] 172.30.5.116 [Port] 0 [Flags] 2 [Guid] 3396101651 [EditorId] 3396101651 [Version] 1048832 [Id] WindowsEditor(7,DESKTOP-3TRD33S) [Debug] 1 [PackageName] WindowsEditor [ProjectName] Editor" joined multi-casting on [225.0.0.222:54997]...

Player connection [22372] Host "[IP] 172.30.5.116 [Port] 0 [Flags] 2 [Guid] 3396101651 [EditorId] 3396101651 [Version] 1048832 [Id] WindowsEditor(7,DESKTOP-3TRD33S) [Debug] 1 [PackageName] WindowsEditor [ProjectName] Editor" joined alternative multi-casting on [225.0.0.222:34997]...

[Physics::Module] Initialized MultithreadedJobDispatcher with 11 workers.
Refreshing native plugins compatible for Editor in 7.13 ms, found 3 plugins.
Preloading 0 native plugins for Editor in 0.00 ms.
Initialize engine version: 2022.3.12f1 (4fe6e059c7ef)
[Subsystems] Discovering subsystems at path D:/unity/2022.3.12f1/Editor/Data/Resources/UnitySubsystems
[Subsystems] Discovering subsystems at path C:/Users/k/Desktop/Proceduralne-generowanie-miasta/Assets
GfxDevice: creating device client; threaded=0; jobified=0
Direct3D:
    Version:  Direct3D 11.0 [level 11.1]
    Renderer: NVIDIA GeForce RTX 2060 SUPER (ID=0x1f06)
    Vendor:   NVIDIA
    VRAM:     8019 MB
    Driver:   31.0.15.3742
Initialize mono
Mono path[0] = 'D:/unity/2022.3.12f1/Editor/Data/Managed'
Mono path[1] = 'D:/unity/2022.3.12f1/Editor/Data/MonoBleedingEdge/lib/mono/unityjit-win32'
Mono config path = 'D:/unity/2022.3.12f1/Editor/Data/MonoBleedingEdge/etc'
Using monoOptions --debugger-agent=transport=dt_socket,embedding=1,server=y,suspend=n,address=127.0.0.1:56380
Begin MonoManager ReloadAssembly
Registering precompiled unity dll's ...
Register platform support module: D:/unity/2022.3.12f1/Editor/Data/PlaybackEngines/WebGLSupport/UnityEditor.WebGL.Extensions.dll
Register platform support module: D:/unity/2022.3.12f1/Editor/Data/PlaybackEngines/WindowsStandaloneSupport/UnityEditor.WindowsStandalone.Extensions.dll
Registered in 0.002915 seconds.
- Loaded All Assemblies, in  0.248 seconds
Native extension for WindowsStandalone target not found
Native extension for WebGL target not found
Mono: successfully reloaded assembly
- Finished resetting the current domain, in  0.181 seconds
Domain Reload Profiling: 429ms
	BeginReloadAssembly (80ms)
		ExecutionOrderSort (0ms)
		DisableScriptedObjects (0ms)
		BackupInstance (0ms)
		ReleaseScriptingObjects (0ms)
		CreateAndSetChildDomain (1ms)
	RebuildCommonClasses (24ms)
	RebuildNativeTypeToScriptingClass (7ms)
	initialDomainReloadingComplete (35ms)
	LoadAllAssembliesAndSetupDomain (102ms)
		LoadAssemblies (80ms)
		RebuildTransferFunctionScriptingTraits (0ms)
		AnalyzeDomain (101ms)
			TypeCache.Refresh (100ms)
				TypeCache.ScanAssembly (91ms)
			ScanForSourceGeneratedMonoScriptInfo (0ms)
			ResolveRequiredComponents (0ms)
	FinalizeReload (181ms)
		ReleaseScriptCaches (0ms)
		RebuildScriptCaches (0ms)
		SetupLoadedEditorAssemblies (140ms)
			LogAssemblyErrors (0ms)
			InitializePlatformSupportModulesInManaged (6ms)
			SetLoadedEditorAssemblies (4ms)
			RefreshPlugins (0ms)
			BeforeProcessingInitializeOnLoad (2ms)
			ProcessInitializeOnLoadAttributes (95ms)
			ProcessInitializeOnLoadMethodAttributes (33ms)
			AfterProcessingInitializeOnLoad (0ms)
			EditorAssembliesLoaded (0ms)
		ExecutionOrderSort2 (0ms)
		AwakeInstancesAfterBackupRestoration (0ms)
========================================================================
Worker process is ready to serve import requests
Begin MonoManager ReloadAssembly
- Loaded All Assemblies, in  0.443 seconds
Refreshing native plugins compatible for Editor in 2.53 ms, found 3 plugins.
Native extension for WindowsStandalone target not found
Native extension for WebGL target not found
Package Manager log level set to [2]
[Package Manager] Server::EnsureServerProcessIsRunning -- launch failed, reason: Unity was launched with the -noUpm command-line argument
[Package Manager] UpmClient::Send -- Unable to send message (not connected to UPM process).
[Package Manager] Cannot connect to Unity Package Manager local server
Mono: successfully reloaded assembly
- Finished resetting the current domain, in  0.389 seconds
Domain Reload Profiling: 831ms
	BeginReloadAssembly (104ms)
		ExecutionOrderSort (0ms)
		DisableScriptedObjects (3ms)
		BackupInstance (0ms)
		ReleaseScriptingObjects (0ms)
		CreateAndSetChildDomain (14ms)
	RebuildCommonClasses (23ms)
	RebuildNativeTypeToScriptingClass (7ms)
	initialDomainReloadingComplete (27ms)
	LoadAllAssembliesAndSetupDomain (281ms)
		LoadAssemblies (210ms)
		RebuildTransferFunctionScriptingTraits (0ms)
		AnalyzeDomain (133ms)
			TypeCache.Refresh (114ms)
				TypeCache.ScanAssembly (102ms)
			ScanForSourceGeneratedMonoScriptInfo (14ms)
			ResolveRequiredComponents (4ms)
	FinalizeReload (390ms)
		ReleaseScriptCaches (0ms)
		RebuildScriptCaches (0ms)
		SetupLoadedEditorAssemblies (287ms)
			LogAssemblyErrors (0ms)
			InitializePlatformSupportModulesInManaged (4ms)
			SetLoadedEditorAssemblies (3ms)
			RefreshPlugins (0ms)
			BeforeProcessingInitializeOnLoad (41ms)
			ProcessInitializeOnLoadAttributes (223ms)
			ProcessInitializeOnLoadMethodAttributes (14ms)
			AfterProcessingInitializeOnLoad (2ms)
			EditorAssembliesLoaded (0ms)
		ExecutionOrderSort2 (0ms)
		AwakeInstancesAfterBackupRestoration (5ms)
Launched and connected shader compiler UnityShaderCompiler.exe after 0.03 seconds
Refreshing native plugins compatible for Editor in 2.14 ms, found 3 plugins.
Preloading 0 native plugins for Editor in 0.00 ms.
Unloading 3083 Unused Serialized files (Serialized files now loaded: 0)
Unloading 32 unused Assets / (56.9 KB). Loaded Objects now: 3544.
Memory consumption went from 120.7 MB to 120.6 MB.
Total: 2.139600 ms (FindLiveObjects: 0.191300 ms CreateObjectMapping: 0.081400 ms MarkObjects: 1.767000 ms  DeleteObjects: 0.098800 ms)

AssetImportParameters requested are different than current active one (requested -> active):
  custom:container-demuxer-ogg: 62fdf1f143b41e24485cea50d1cbac27 -> 
  custom:video-decoder-ogg-theora: a1e56fd34408186e4bbccfd4996cb3dc -> 
  custom:framework-win-MediaFoundation: 216162199b28c13a410421893ffa2e32 -> 
  custom:container-demuxer-webm: 4f35f7cbe854078d1ac9338744f61a02 -> 
  custom:container-muxer-webm: aa71ff27fc2769a1b78a27578f13a17b -> 
  custom:video-decoder-webm-vp8: 9c59270c3fd7afecdb556c50c9e8de78 -> 
  custom:AudioImporter_EditorPlatform: d09bf68614088b80899f8185d706f6e7 -> 
  custom:video-encoder-webm-vp8: eb34c28f22e8b96e1ab97ce403110664 -> 
  custom:audio-decoder-ogg-vorbis: bf7c407c2cedff20999df2af8eb42d56 -> 
  custom:audio-encoder-webm-vorbis: bf7c407c2cedff20999df2af8eb42d56 -> 
========================================================================
Received Import Request.
  Time since last request: 24176.264608 seconds.
  path: Assets/New Material 1.mat
  artifactKey: Guid(329a9aba383d7944e9dcb3359c8c2733) Importer(815301076,1909f56bfc062723c751e8b465ee728b)
Start importing Assets/New Material 1.mat using Guid(329a9aba383d7944e9dcb3359c8c2733) Importer(815301076,1909f56bfc062723c751e8b465ee728b)  -> (artifact id: '00ad1ab64b97ad1e169461a5252fad06') in 0.265295 seconds
Number of updated asset objects reloaded before import = 0
Number of asset objects unloaded after import = 1
========================================================================
Received Import Request.
  Time since last request: 3.531945 seconds.
  path: Assets/Scenes
  artifactKey: Guid(0970b2bf614f51b429942737604c8f31) Importer(815301076,1909f56bfc062723c751e8b465ee728b)
Start importing Assets/Scenes using Guid(0970b2bf614f51b429942737604c8f31) Importer(815301076,1909f56bfc062723c751e8b465ee728b)  -> (artifact id: '661dae41071f09554f3b2fecdfb58aef') in 0.000394 seconds
Number of updated asset objects reloaded before import = 0
Number of asset objects unloaded after import = 0
========================================================================
Received Import Request.
  Time since last request: 0.462742 seconds.
  path: Assets/Scenes/SampleScene.unity
  artifactKey: Guid(9fc0d4010bbf28b4594072e72b8655ab) Importer(815301076,1909f56bfc062723c751e8b465ee728b)
Start importing Assets/Scenes/SampleScene.unity using Guid(9fc0d4010bbf28b4594072e72b8655ab) Importer(815301076,1909f56bfc062723c751e8b465ee728b)  -> (artifact id: '0468b37f06e21ef9354a855bdcd33771') in 0.000382 seconds
Number of updated asset objects reloaded before import = 0
Number of asset objects unloaded after import = 0
========================================================================
Received Prepare
Refreshing native plugins compatible for Editor in 2.22 ms, found 3 plugins.
Preloading 0 native plugins for Editor in 0.00 ms.
Unloading 0 Unused Serialized files (Serialized files now loaded: 0)
Unloading 1 unused Assets / (0.8 KB). Loaded Objects now: 3586.
Memory consumption went from 76.6 MB to 76.6 MB.
Total: 2.081400 ms (FindLiveObjects: 0.146000 ms CreateObjectMapping: 0.067800 ms MarkObjects: 1.852500 ms  DeleteObjects: 0.014400 ms)

Prepare: number of updated asset objects reloaded= 0
AssetImportParameters requested are different than current active one (requested -> active):
  custom:container-demuxer-ogg: 62fdf1f143b41e24485cea50d1cbac27 -> 
  custom:video-decoder-ogg-theora: a1e56fd34408186e4bbccfd4996cb3dc -> 
  custom:framework-win-MediaFoundation: 216162199b28c13a410421893ffa2e32 -> 
  custom:CustomObjectIndexerAttribute: 756ad292c208cfabdd7b50bc23989ffe -> 
  custom:container-demuxer-webm: 4f35f7cbe854078d1ac9338744f61a02 -> 
  custom:container-muxer-webm: aa71ff27fc2769a1b78a27578f13a17b -> 
  custom:video-decoder-webm-vp8: 9c59270c3fd7afecdb556c50c9e8de78 -> 
  custom:SearchIndexIgnoredProperties: e643bd26f0fe6173181afceb89e7c659 -> 
  custom:AudioImporter_EditorPlatform: d09bf68614088b80899f8185d706f6e7 -> 
  custom:video-encoder-webm-vp8: eb34c28f22e8b96e1ab97ce403110664 -> 
  custom:audio-decoder-ogg-vorbis: bf7c407c2cedff20999df2af8eb42d56 -> 
  custom:audio-encoder-webm-vorbis: bf7c407c2cedff20999df2af8eb42d56 -> 
========================================================================
Received Import Request.
  Time since last request: 19.762865 seconds.
  path: Assets/Scenes/Modele Drogi.unity
  artifactKey: Guid(c4d7381b37721e042bdd201d1bc966b8) Importer(815301076,1909f56bfc062723c751e8b465ee728b)
Start importing Assets/Scenes/Modele Drogi.unity using Guid(c4d7381b37721e042bdd201d1bc966b8) Importer(815301076,1909f56bfc062723c751e8b465ee728b)  -> (artifact id: '7999f759880234f35f9422d8d712551b') in 0.000560 seconds
Number of updated asset objects reloaded before import = 0
Number of asset objects unloaded after import = 0
========================================================================
Received Import Request.
  Time since last request: 13.931982 seconds.
  path: Assets/Scenes/3way.fbx
  artifactKey: Guid(43cba89a3aab0634288cf9dd06389548) Importer(815301076,1909f56bfc062723c751e8b465ee728b)
Start importing Assets/Scenes/3way.fbx using Guid(43cba89a3aab0634288cf9dd06389548) Importer(815301076,1909f56bfc062723c751e8b465ee728b)  -> (artifact id: '7ccecdcb15d1e2603897ba531feeda43') in 0.131416 seconds
Number of updated asset objects reloaded before import = 0
Number of asset objects unloaded after import = 8
========================================================================
Received Import Request.
  Time since last request: 0.000016 seconds.
  path: Assets/Scenes/turn.fbx
  artifactKey: Guid(d9d5ba525876c954eaf4f733e57e9981) Importer(815301076,1909f56bfc062723c751e8b465ee728b)
Start importing Assets/Scenes/turn.fbx using Guid(d9d5ba525876c954eaf4f733e57e9981) Importer(815301076,1909f56bfc062723c751e8b465ee728b)  -> (artifact id: '2664088341f7f978777ee4ade137dea1') in 0.014002 seconds
Number of updated asset objects reloaded before import = 0
Number of asset objects unloaded after import = 8
========================================================================
Received Import Request.
  Time since last request: 12.403298 seconds.
  path: Assets/Droga
  artifactKey: Guid(a0e21a1d60dc6064eb3ddb00102548b7) Importer(815301076,1909f56bfc062723c751e8b465ee728b)
Start importing Assets/Droga using Guid(a0e21a1d60dc6064eb3ddb00102548b7) Importer(815301076,1909f56bfc062723c751e8b465ee728b)  -> (artifact id: '664f3a39a3091c5fecfdc00d9d6e25dd') in 0.000378 seconds
Number of updated asset objects reloaded before import = 0
Number of asset objects unloaded after import = 0
========================================================================
Received Import Request.
  Time since last request: 69.997085 seconds.
  path: Assets/Droga/turn 1.fbx
  artifactKey: Guid(7bad776415249494fb3d3f486c306d71) Importer(815301076,1909f56bfc062723c751e8b465ee728b)
Start importing Assets/Droga/turn 1.fbx using Guid(7bad776415249494fb3d3f486c306d71) Importer(815301076,1909f56bfc062723c751e8b465ee728b)  -> (artifact id: '1c98abc13397e3b37b0f8406e13d2d98') in 0.013539 seconds
Number of updated asset objects reloaded before import = 0
Number of asset objects unloaded after import = 8
========================================================================
Received Import Request.
  Time since last request: 227.186499 seconds.
  path: Assets/Droga/turn.fbx
  artifactKey: Guid(d9d5ba525876c954eaf4f733e57e9981) Importer(815301076,1909f56bfc062723c751e8b465ee728b)
Start importing Assets/Droga/turn.fbx using Guid(d9d5ba525876c954eaf4f733e57e9981) Importer(815301076,1909f56bfc062723c751e8b465ee728b)  -> (artifact id: 'aa21d3436ab61825d5faaf98b5cd3c03') in 0.014656 seconds
Number of updated asset objects reloaded before import = 0
Number of asset objects unloaded after import = 8
========================================================================
Received Import Request.
  Time since last request: 45.419321 seconds.
  path: Assets/Droga/road_diffuse.jpg
  artifactKey: Guid(09be1a40104fe6d45b93dd4db9380721) Importer(815301076,1909f56bfc062723c751e8b465ee728b)
Start importing Assets/Droga/road_diffuse.jpg using Guid(09be1a40104fe6d45b93dd4db9380721) Importer(815301076,1909f56bfc062723c751e8b465ee728b)  -> (artifact id: '133a1d30b920c8428974816b3ab340df') in 0.018043 seconds
Number of updated asset objects reloaded before import = 0
Number of asset objects unloaded after import = 2
========================================================================
Received Import Request.
  Time since last request: 20.091467 seconds.
  path: Assets/Droga/textures
  artifactKey: Guid(6539c5ddd77d4264983a48592dfede54) Importer(815301076,1909f56bfc062723c751e8b465ee728b)
Start importing Assets/Droga/textures using Guid(6539c5ddd77d4264983a48592dfede54) Importer(815301076,1909f56bfc062723c751e8b465ee728b)  -> (artifact id: '689784ef06f9f9813ed5c1c45ef8706e') in 0.000421 seconds
Number of updated asset objects reloaded before import = 0
Number of asset objects unloaded after import = 0
========================================================================
Received Import Request.
  Time since last request: 0.903693 seconds.
  path: Assets/Droga/texture
  artifactKey: Guid(542c4bd71997a8b4f9d9c782c7060863) Importer(815301076,1909f56bfc062723c751e8b465ee728b)
Start importing Assets/Droga/texture using Guid(542c4bd71997a8b4f9d9c782c7060863) Importer(815301076,1909f56bfc062723c751e8b465ee728b)  -> (artifact id: '5c899a0be2196d8828d086bb34f935ea') in 0.000353 seconds
Number of updated asset objects reloaded before import = 0
Number of asset objects unloaded after import = 0
========================================================================
Received Import Request.
  Time since last request: 97.680141 seconds.
  path: Assets/Droga/4way.fbx
  artifactKey: Guid(e47e6b832f0b58e4d8208082c100b35d) Importer(815301076,1909f56bfc062723c751e8b465ee728b)
Start importing Assets/Droga/4way.fbx using Guid(e47e6b832f0b58e4d8208082c100b35d) Importer(815301076,1909f56bfc062723c751e8b465ee728b)  -> (artifact id: '9230fafe51f8d15db0bb55516c01dc17') in 0.012556 seconds
Number of updated asset objects reloaded before import = 0
Number of asset objects unloaded after import = 15
========================================================================
Received Import Request.
  Time since last request: 13.012634 seconds.
  path: Assets/Droga/3way.fbx
  artifactKey: Guid(43cba89a3aab0634288cf9dd06389548) Importer(815301076,1909f56bfc062723c751e8b465ee728b)
Start importing Assets/Droga/3way.fbx using Guid(43cba89a3aab0634288cf9dd06389548) Importer(815301076,1909f56bfc062723c751e8b465ee728b)  -> (artifact id: '9bc8d397531807635490d74b053dbe0c') in 0.012075 seconds
Number of updated asset objects reloaded before import = 0
Number of asset objects unloaded after import = 15
========================================================================
Received Import Request.
  Time since last request: 16.851974 seconds.
  path: Assets/Droga/straight.fbx
  artifactKey: Guid(3dd32e4d76842a44a8c6a5400cb9a9c5) Importer(815301076,1909f56bfc062723c751e8b465ee728b)
Start importing Assets/Droga/straight.fbx using Guid(3dd32e4d76842a44a8c6a5400cb9a9c5) Importer(815301076,1909f56bfc062723c751e8b465ee728b)  -> (artifact id: '7187b8b2f487325cb4df2d2e9709cc49') in 0.012558 seconds
Number of updated asset objects reloaded before import = 0
Number of asset objects unloaded after import = 15
========================================================================
Received Import Request.
  Time since last request: 540.766873 seconds.
  path: Assets/Droga/3way.fbx
  artifactKey: Guid(43cba89a3aab0634288cf9dd06389548) Importer(815301076,1909f56bfc062723c751e8b465ee728b)
Start importing Assets/Droga/3way.fbx using Guid(43cba89a3aab0634288cf9dd06389548) Importer(815301076,1909f56bfc062723c751e8b465ee728b)  -> (artifact id: '4be616615a5ae92a41eb75d929e92acc') in 0.016746 seconds
Number of updated asset objects reloaded before import = 0
Number of asset objects unloaded after import = 9
========================================================================
Received Import Request.
  Time since last request: 440.893020 seconds.
  path: Assets/Droga/3way.fbx
  artifactKey: Guid(43cba89a3aab0634288cf9dd06389548) Importer(815301076,1909f56bfc062723c751e8b465ee728b)
Start importing Assets/Droga/3way.fbx using Guid(43cba89a3aab0634288cf9dd06389548) Importer(815301076,1909f56bfc062723c751e8b465ee728b)  -> (artifact id: 'ba704c3a982b90d93397bb581a605bbe') in 0.017969 seconds
Number of updated asset objects reloaded before import = 0
Number of asset objects unloaded after import = 9
========================================================================
Received Import Request.
  Time since last request: 388.058433 seconds.
  path: Assets/Droga/straight.fbx
  artifactKey: Guid(3dd32e4d76842a44a8c6a5400cb9a9c5) Importer(815301076,1909f56bfc062723c751e8b465ee728b)
Start importing Assets/Droga/straight.fbx using Guid(3dd32e4d76842a44a8c6a5400cb9a9c5) Importer(815301076,1909f56bfc062723c751e8b465ee728b)  -> (artifact id: '57ec60aa0a3e4692b6793f018b08ba4c') in 0.016754 seconds
Number of updated asset objects reloaded before import = 0
Number of asset objects unloaded after import = 9
========================================================================
Received Import Request.
  Time since last request: 143.333579 seconds.
  path: Assets/Droga/3way.fbx
  artifactKey: Guid(43cba89a3aab0634288cf9dd06389548) Importer(815301076,1909f56bfc062723c751e8b465ee728b)
Start importing Assets/Droga/3way.fbx using Guid(43cba89a3aab0634288cf9dd06389548) Importer(815301076,1909f56bfc062723c751e8b465ee728b)  -> (artifact id: '9be4fb75870dd562c11869f1d7cf0c62') in 0.016072 seconds
Number of updated asset objects reloaded before import = 0
Number of asset objects unloaded after import = 9
========================================================================
Received Import Request.
  Time since last request: 0.000014 seconds.
  path: Assets/Droga/turn.fbx
  artifactKey: Guid(d9d5ba525876c954eaf4f733e57e9981) Importer(815301076,1909f56bfc062723c751e8b465ee728b)
Start importing Assets/Droga/turn.fbx using Guid(d9d5ba525876c954eaf4f733e57e9981) Importer(815301076,1909f56bfc062723c751e8b465ee728b)  -> (artifact id: 'bec4b5aa3b10e8aee9b6a1761d7bd6e7') in 0.015773 seconds
Number of updated asset objects reloaded before import = 0
Number of asset objects unloaded after import = 9
